2015-10-26 15:43:13.282 Camera[9065:76425] DiskCookieStorage changing policy from 2 to 0, cookie file: file:///Users/st081422/Library/Developer/CoreSimulator/Devices/CD11CB82-C4BE-4BF5-8156-D80F49F71DBD/data/Containers/Data/Application/ACE421B6-CE35-4701-9B4F-FF6C580BAFE9/Library/Cookies/Cookies.binarycookies
2015-10-26 15:43:13.387 Camera[9065:76425] Apache Cordova native platform version 3.9.1 is starting.
2015-10-26 15:43:13.387 Camera[9065:76425] Multi-tasking -> Device: YES, App: YES
2015-10-26 15:43:13.389 Camera[9065:76425] Unlimited access to network resources
2015-10-26 15:43:13.391 Camera[9065:76425] 

Started backup to iCloud! Please be careful.
Your application might be rejected by Apple if you store too much data.
For more information please read "iOS Data Storage Guidelines" at:
https://developer.apple.com/icloud/documentation/data-storage/
To disable web storage backup to iCloud, set the BackupWebStorage preference to "local" in the Cordova config.xml file

2015-10-26 15:43:13.501 Camera[9065:76425] Resetting plugins due to page load.
2015-10-26 15:43:13.527 Camera[9065:76425] Finished load of: file:///Users/st081422/Library/Developer/CoreSimulator/Devices/CD11CB82-C4BE-4BF5-8156-D80F49F71DBD/data/Containers/Bundle/Application/0232C482-61B3-4EE7-92A6-6C449201B5A1/Camera.app/www/index.html
2015-10-26 15:43:13.543 Camera[9065:76433] Camera.getPicture: source type 1 not available.
2015-10-26 15:54:39.998 Camera[9681:83868] DiskCookieStorage changing policy from 2 to 0, cookie file: file:///Users/st081422/Library/Developer/CoreSimulator/Devices/CD11CB82-C4BE-4BF5-8156-D80F49F71DBD/data/Containers/Data/Application/F182870E-B25E-4430-BCEC-221C1A85C230/Library/Cookies/Cookies.binarycookies
2015-10-26 15:54:40.108 Camera[9681:83868] Apache Cordova native platform version 3.9.1 is starting.
2015-10-26 15:54:40.109 Camera[9681:83868] Multi-tasking -> Device: YES, App: YES
2015-10-26 15:54:40.110 Camera[9681:83868] Unlimited access to network resources
2015-10-26 15:54:40.113 Camera[9681:83868] 

Started backup to iCloud! Please be careful.
Your application might be rejected by Apple if you store too much data.
For more information please read "iOS Data Storage Guidelines" at:
https://developer.apple.com/icloud/documentation/data-storage/
To disable web storage backup to iCloud, set the BackupWebStorage preference to "local" in the Cordova config.xml file

2015-10-26 15:54:40.231 Camera[9681:83868] Resetting plugins due to page load.
2015-10-26 15:54:40.270 Camera[9681:83868] Finished load of: file:///Users/st081422/Library/Developer/CoreSimulator/Devices/CD11CB82-C4BE-4BF5-8156-D80F49F71DBD/data/Containers/Bundle/Application/961B454B-B548-40E6-93C9-73661689CEF3/Camera.app/www/index.html
2015-10-26 15:54:40.300 Camera[9681:83899] Camera.getPicture: source type 1 not available.
2015-10-26 15:56:03.162 Camera[9681:85068] Terminating since there is no system app.
